11:09:07:889  INFO 1244 --- [main] com.hmall.trade.TradeApplication         : Starting TradeApplication using Java 11.0.6 on LAPTOP-6KVIUQDH with PID 1244 (D:\idea.code\hmall\trade-service\target\classes started by 张俊万 in D:\idea.code\hmall)
11:09:07:893 DEBUG 1244 --- [main] com.hmall.trade.TradeApplication         : Running with Spring Boot v2.7.12, Spring v5.3.27
11:09:07:893  INFO 1244 --- [main] com.hmall.trade.TradeApplication         : The following 1 profile is active: "local"
11:09:09:120  INFO 1244 --- [main] o.s.cloud.context.scope.GenericScope     : BeanFactory id=0210329a-f3e5-30ff-bf1d-a2246b71e153
11:09:09:449  INFO 1244 --- [main] o.s.b.w.embedded.tomcat.TomcatWebServer  : Tomcat initialized with port(s): 8085 (http)
11:09:09:457  INFO 1244 --- [main] o.apache.catalina.core.StandardService   : Starting service [Tomcat]
11:09:09:457  INFO 1244 --- [main] org.apache.catalina.core.StandardEngine  : Starting Servlet engine: [Apache Tomcat/9.0.75]
11:09:09:652  INFO 1244 --- [main] o.a.c.c.C.[Tomcat].[localhost].[/]       : Initializing Spring embedded WebApplicationContext
11:09:09:652  INFO 1244 --- [main] w.s.c.ServletWebServerApplicationContext : Root WebApplicationContext: initialization completed in 1711 ms
11:09:09:814  INFO 1244 --- [main] o.s.c.openfeign.FeignClientFactoryBean   : For 'item-service' URL not provided. Will try picking an instance via load-balancing.
11:09:10:076  INFO 1244 --- [main] o.s.c.openfeign.FeignClientFactoryBean   : For 'cart-service' URL not provided. Will try picking an instance via load-balancing.
11:09:11:782  INFO 1244 --- [main] pertySourcedRequestMappingHandlerMapping : Mapped URL path [/v2/api-docs] onto method [springfox.documentation.swagger2.web.Swagger2ControllerWebMvc#getDocumentation(String, HttpServletRequest)]
11:09:12:456  INFO 1244 --- [main] com.alibaba.nacos.common.remote.client   : [RpcClientFactory] create a new rpc client of 9930f83c-b5e1-47b1-ad6e-7380f03e0647
11:09:12:502  INFO 1244 --- [main] org.reflections.Reflections              : Reflections took 23 ms to scan 1 urls, producing 3 keys and 6 values 
11:09:12:524  INFO 1244 --- [main] org.reflections.Reflections              : Reflections took 10 ms to scan 1 urls, producing 4 keys and 9 values 
11:09:12:537  INFO 1244 --- [main] org.reflections.Reflections              : Reflections took 10 ms to scan 1 urls, producing 3 keys and 10 values 
11:09:12:538  WARN 1244 --- [main] org.reflections.Reflections              : given scan urls are empty. set urls in the configuration
11:09:12:545  INFO 1244 --- [main] org.reflections.Reflections              : Reflections took 6 ms to scan 1 urls, producing 1 keys and 5 values 
11:09:12:556  INFO 1244 --- [main] org.reflections.Reflections              : Reflections took 9 ms to scan 1 urls, producing 1 keys and 7 values 
11:09:12:566  INFO 1244 --- [main] org.reflections.Reflections              : Reflections took 7 ms to scan 1 urls, producing 2 keys and 8 values 
11:09:12:567  WARN 1244 --- [main] org.reflections.Reflections              : given scan urls are empty. set urls in the configuration
11:09:12:569  INFO 1244 --- [main] com.alibaba.nacos.common.remote.client   : [9930f83c-b5e1-47b1-ad6e-7380f03e0647] RpcClient init label, labels = {module=naming, source=sdk}
11:09:12:570  INFO 1244 --- [main] com.alibaba.nacos.common.remote.client   : [9930f83c-b5e1-47b1-ad6e-7380f03e0647] RpcClient init, ServerListFactory = com.alibaba.nacos.client.naming.core.ServerListManager
11:09:12:570  INFO 1244 --- [main] com.alibaba.nacos.common.remote.client   : [9930f83c-b5e1-47b1-ad6e-7380f03e0647] Registry connection listener to current client:com.alibaba.nacos.client.naming.remote.gprc.redo.NamingGrpcRedoService
11:09:12:571  INFO 1244 --- [main] com.alibaba.nacos.common.remote.client   : [9930f83c-b5e1-47b1-ad6e-7380f03e0647] Register server push request handler:com.alibaba.nacos.client.naming.remote.gprc.NamingPushRequestHandler
11:09:12:572  INFO 1244 --- [main] com.alibaba.nacos.common.remote.client   : [9930f83c-b5e1-47b1-ad6e-7380f03e0647] Try to connect to server on start up, server: {serverIp = '192.168.126.131', server main port = 8848}
11:09:13:946  INFO 1244 --- [main] com.alibaba.nacos.common.remote.client   : [9930f83c-b5e1-47b1-ad6e-7380f03e0647] Success to connect to server [192.168.126.131:8848] on start up, connectionId = 1727147415754_192.168.126.1_52091
11:09:13:949  INFO 1244 --- [com.alibaba.nacos.client.remote.worker] com.alibaba.nacos.common.remote.client   : [9930f83c-b5e1-47b1-ad6e-7380f03e0647] Notify connected event to listeners.
11:09:13:951  INFO 1244 --- [main] com.alibaba.nacos.common.remote.client   : [9930f83c-b5e1-47b1-ad6e-7380f03e0647] Register server push request handler:com.alibaba.nacos.common.remote.client.RpcClient$ConnectResetRequestHandler
11:09:13:953  INFO 1244 --- [main] com.alibaba.nacos.common.remote.client   : [9930f83c-b5e1-47b1-ad6e-7380f03e0647] Register server push request handler:com.alibaba.nacos.common.remote.client.RpcClient$$Lambda$983/0x000000080072c040
11:09:14:036  INFO 1244 --- [main] o.s.b.w.embedded.tomcat.TomcatWebServer  : Tomcat started on port(s): 8085 (http) with context path ''
11:09:14:058  INFO 1244 --- [main] c.a.c.n.registry.NacosServiceRegistry    : nacos registry, DEFAULT_GROUP trade-service 192.168.255.1:8085 register finished
11:09:14:390  INFO 1244 --- [main] d.s.w.p.DocumentationPluginsBootstrapper : Documentation plugins bootstrapped
11:09:14:393  INFO 1244 --- [main] d.s.w.p.DocumentationPluginsBootstrapper : Found 1 custom documentation plugin(s)
11:09:14:410  INFO 1244 --- [main] s.d.s.w.s.ApiListingReferenceScanner     : Scanning for api listing references
11:09:14:491  INFO 1244 --- [main] com.hmall.trade.TradeApplication         : Started TradeApplication in 7.675 seconds (JVM running for 9.097)
11:09:14:561  INFO 1244 --- [nacos-grpc-client-executor-10] com.alibaba.nacos.common.remote.client   : [9930f83c-b5e1-47b1-ad6e-7380f03e0647] Receive server push request, request = NotifySubscriberRequest, requestId = 4
11:09:14:576  INFO 1244 --- [nacos-grpc-client-executor-10] com.alibaba.nacos.common.remote.client   : [9930f83c-b5e1-47b1-ad6e-7380f03e0647] Ack server push request, request = NotifySubscriberRequest, requestId = 4
11:30:22:963  INFO 1244 --- [nacos-grpc-client-executor-225] com.alibaba.nacos.common.remote.client   : [9930f83c-b5e1-47b1-ad6e-7380f03e0647] Receive server push request, request = ClientDetectionRequest, requestId = 15
11:30:22:963  INFO 1244 --- [nacos-grpc-client-executor-225] com.alibaba.nacos.common.remote.client   : [9930f83c-b5e1-47b1-ad6e-7380f03e0647] Ack server push request, request = ClientDetectionRequest, requestId = 15
12:00:10:952  WARN 1244 --- [Thread-7] c.a.n.common.http.HttpClientBeanHolder   : [HttpClientBeanHolder] Start destroying common HttpClient
12:00:10:952  WARN 1244 --- [Thread-4] c.a.nacos.common.notify.NotifyCenter     : [NotifyCenter] Start destroying Publisher
12:00:10:953  WARN 1244 --- [Thread-4] c.a.nacos.common.notify.NotifyCenter     : [NotifyCenter] Destruction of the end
12:00:10:954  WARN 1244 --- [Thread-7] c.a.n.common.http.HttpClientBeanHolder   : [HttpClientBeanHolder] Destruction of the end
12:00:11:594  INFO 1244 --- [SpringApplicationShutdownHook] c.a.c.n.registry.NacosServiceRegistry    : De-registering from Nacos Server now...
12:00:11:603  INFO 1244 --- [SpringApplicationShutdownHook] c.a.c.n.registry.NacosServiceRegistry    : De-registration finished.
12:00:11:934  INFO 1244 --- [SpringApplicationShutdownHook] com.alibaba.nacos.common.remote.client   : Shutdown rpc client, set status to shutdown
12:00:11:934  INFO 1244 --- [SpringApplicationShutdownHook] com.alibaba.nacos.common.remote.client   : Shutdown client event executor java.util.concurrent.ScheduledThreadPoolExecutor@43c0b798[Running, pool size = 2, active threads = 2, queued tasks = 0, completed tasks = 0]
12:00:11:934  INFO 1244 --- [SpringApplicationShutdownHook] com.alibaba.nacos.common.remote.client   : Close current connection 1727147415754_192.168.126.1_52091
12:00:11:937  INFO 1244 --- [nacos-grpc-client-executor-603] c.a.n.c.remote.client.grpc.GrpcClient    : [1727147415754_192.168.126.1_52091]Ignore complete event,isRunning:false,isAbandon=false
12:00:11:940  INFO 1244 --- [SpringApplicationShutdownHook] c.a.n.c.remote.client.grpc.GrpcClient    : Shutdown grpc executor java.util.concurrent.ThreadPoolExecutor@17cf86e0[Running, pool size = 5, active threads = 0, queued tasks = 0, completed tasks = 604]
16:11:06:540  INFO 21856 --- [main] com.hmall.trade.TradeApplication         : Starting TradeApplication using Java 11.0.6 on LAPTOP-6KVIUQDH with PID 21856 (D:\idea.code\hmall\trade-service\target\classes started by 张俊万 in D:\idea.code\hmall)
16:11:06:545 DEBUG 21856 --- [main] com.hmall.trade.TradeApplication         : Running with Spring Boot v2.7.12, Spring v5.3.27
16:11:06:546  INFO 21856 --- [main] com.hmall.trade.TradeApplication         : The following 1 profile is active: "local"
16:11:07:849  INFO 21856 --- [main] o.s.cloud.context.scope.GenericScope     : BeanFactory id=0210329a-f3e5-30ff-bf1d-a2246b71e153
16:11:08:153  INFO 21856 --- [main] o.s.b.w.embedded.tomcat.TomcatWebServer  : Tomcat initialized with port(s): 8085 (http)
16:11:08:162  INFO 21856 --- [main] o.apache.catalina.core.StandardService   : Starting service [Tomcat]
16:11:08:162  INFO 21856 --- [main] org.apache.catalina.core.StandardEngine  : Starting Servlet engine: [Apache Tomcat/9.0.75]
16:11:08:302  INFO 21856 --- [main] o.a.c.c.C.[Tomcat].[localhost].[/]       : Initializing Spring embedded WebApplicationContext
16:11:08:302  INFO 21856 --- [main] w.s.c.ServletWebServerApplicationContext : Root WebApplicationContext: initialization completed in 1668 ms
16:11:08:475  INFO 21856 --- [main] o.s.c.openfeign.FeignClientFactoryBean   : For 'item-service' URL not provided. Will try picking an instance via load-balancing.
16:11:08:703  INFO 21856 --- [main] o.s.c.openfeign.FeignClientFactoryBean   : For 'cart-service' URL not provided. Will try picking an instance via load-balancing.
16:11:12:305  INFO 21856 --- [main] pertySourcedRequestMappingHandlerMapping : Mapped URL path [/v2/api-docs] onto method [springfox.documentation.swagger2.web.Swagger2ControllerWebMvc#getDocumentation(String, HttpServletRequest)]
16:11:14:367  INFO 21856 --- [main] com.alibaba.nacos.common.remote.client   : [RpcClientFactory] create a new rpc client of 56ed687e-3fcd-45d4-839b-ae6015e439e8
16:11:14:447  INFO 21856 --- [main] org.reflections.Reflections              : Reflections took 39 ms to scan 1 urls, producing 3 keys and 6 values 
16:11:14:507  INFO 21856 --- [main] org.reflections.Reflections              : Reflections took 30 ms to scan 1 urls, producing 4 keys and 9 values 
16:11:14:528  INFO 21856 --- [main] org.reflections.Reflections              : Reflections took 16 ms to scan 1 urls, producing 3 keys and 10 values 
16:11:14:531  WARN 21856 --- [main] org.reflections.Reflections              : given scan urls are empty. set urls in the configuration
16:11:14:543  INFO 21856 --- [main] org.reflections.Reflections              : Reflections took 11 ms to scan 1 urls, producing 1 keys and 5 values 
16:11:14:567  INFO 21856 --- [main] org.reflections.Reflections              : Reflections took 21 ms to scan 1 urls, producing 1 keys and 7 values 
16:11:14:601  INFO 21856 --- [main] org.reflections.Reflections              : Reflections took 29 ms to scan 1 urls, producing 2 keys and 8 values 
16:11:14:604  WARN 21856 --- [main] org.reflections.Reflections              : given scan urls are empty. set urls in the configuration
16:11:14:605  INFO 21856 --- [main] com.alibaba.nacos.common.remote.client   : [56ed687e-3fcd-45d4-839b-ae6015e439e8] RpcClient init label, labels = {module=naming, source=sdk}
16:11:14:625  INFO 21856 --- [main] com.alibaba.nacos.common.remote.client   : [56ed687e-3fcd-45d4-839b-ae6015e439e8] RpcClient init, ServerListFactory = com.alibaba.nacos.client.naming.core.ServerListManager
16:11:14:628  INFO 21856 --- [main] com.alibaba.nacos.common.remote.client   : [56ed687e-3fcd-45d4-839b-ae6015e439e8] Registry connection listener to current client:com.alibaba.nacos.client.naming.remote.gprc.redo.NamingGrpcRedoService
16:11:14:630  INFO 21856 --- [main] com.alibaba.nacos.common.remote.client   : [56ed687e-3fcd-45d4-839b-ae6015e439e8] Register server push request handler:com.alibaba.nacos.client.naming.remote.gprc.NamingPushRequestHandler
16:11:14:633  INFO 21856 --- [main] com.alibaba.nacos.common.remote.client   : [56ed687e-3fcd-45d4-839b-ae6015e439e8] Try to connect to server on start up, server: {serverIp = '192.168.126.131', server main port = 8848}
16:11:17:703  INFO 21856 --- [main] com.alibaba.nacos.common.remote.client   : [56ed687e-3fcd-45d4-839b-ae6015e439e8] Success to connect to server [192.168.126.131:8848] on start up, connectionId = 1727165539005_192.168.126.1_3635
16:11:17:704  INFO 21856 --- [com.alibaba.nacos.client.remote.worker] com.alibaba.nacos.common.remote.client   : [56ed687e-3fcd-45d4-839b-ae6015e439e8] Notify connected event to listeners.
16:11:17:704  INFO 21856 --- [main] com.alibaba.nacos.common.remote.client   : [56ed687e-3fcd-45d4-839b-ae6015e439e8] Register server push request handler:com.alibaba.nacos.common.remote.client.RpcClient$ConnectResetRequestHandler
16:11:17:705  INFO 21856 --- [main] com.alibaba.nacos.common.remote.client   : [56ed687e-3fcd-45d4-839b-ae6015e439e8] Register server push request handler:com.alibaba.nacos.common.remote.client.RpcClient$$Lambda$983/0x000000080072ac40
16:11:17:801  INFO 21856 --- [main] o.s.b.w.embedded.tomcat.TomcatWebServer  : Tomcat started on port(s): 8085 (http) with context path ''
16:11:17:819  INFO 21856 --- [main] c.a.c.n.registry.NacosServiceRegistry    : nacos registry, DEFAULT_GROUP trade-service 192.168.255.1:8085 register finished
16:11:18:253  INFO 21856 --- [nacos-grpc-client-executor-7] com.alibaba.nacos.common.remote.client   : [56ed687e-3fcd-45d4-839b-ae6015e439e8] Receive server push request, request = NotifySubscriberRequest, requestId = 8
16:11:18:268  INFO 21856 --- [nacos-grpc-client-executor-7] com.alibaba.nacos.common.remote.client   : [56ed687e-3fcd-45d4-839b-ae6015e439e8] Ack server push request, request = NotifySubscriberRequest, requestId = 8
16:11:18:695  INFO 21856 --- [main] d.s.w.p.DocumentationPluginsBootstrapper : Documentation plugins bootstrapped
16:11:18:700  INFO 21856 --- [main] d.s.w.p.DocumentationPluginsBootstrapper : Found 1 custom documentation plugin(s)
16:11:18:743  INFO 21856 --- [main] s.d.s.w.s.ApiListingReferenceScanner     : Scanning for api listing references
16:11:18:878  INFO 21856 --- [main] com.hmall.trade.TradeApplication         : Started TradeApplication in 13.742 seconds (JVM running for 15.017)
